[debug] [2025-02-08T11:18:19.094Z] ----------------------------------------------------------------------
[debug] [2025-02-08T11:18:19.098Z] Command:       /usr/bin/node /usr/bin/firebase init
[debug] [2025-02-08T11:18:19.099Z] CLI Version:   13.30.0
[debug] [2025-02-08T11:18:19.100Z] Platform:      linux
[debug] [2025-02-08T11:18:19.100Z] Node Version:  v18.20.4
[debug] [2025-02-08T11:18:19.109Z] Time:          Sat Feb 08 2025 14:18:19 GMT+0300 (East Africa Time)
[debug] [2025-02-08T11:18:19.110Z] ----------------------------------------------------------------------
[debug] 
[debug] [2025-02-08T11:18:19.121Z] > command requires scopes: ["email","openid","https://www.googleapis.com/auth/cloudplatformprojects.readonly","https://www.googleapis.com/auth/firebase","https://www.googleapis.com/auth/cloud-platform"]
[debug] [2025-02-08T11:18:19.122Z] > authorizing via signed-in user (pnobbs18@gmail.com)
[info] 
     ######## #### ########  ######## ########     ###     ######  ########
     ##        ##  ##     ## ##       ##     ##  ##   ##  ##       ##
     ######    ##  ########  ######   ########  #########  ######  ######
     ##        ##  ##    ##  ##       ##     ## ##     ##       ## ##
     ##       #### ##     ## ######## ########  ##     ##  ######  ########

You're about to initialize a Firebase project in this directory:

  /home/softwaredev/Documents/ashina/safeheaven/safeheaven

[info] 
=== Project Setup
[info] 
[info] First, let's associate this project directory with a Firebase project.
[info] You can create multiple project aliases by running firebase use --add, 
[info] but for now we'll just set up a default project.
[info] 
[debug] [2025-02-08T11:22:49.538Z] Checked if tokens are valid: true, expires at: 1739016579992
[debug] [2025-02-08T11:22:49.546Z] Checked if tokens are valid: true, expires at: 1739016579992
[debug] [2025-02-08T11:22:49.618Z] >>> [apiv2][query] GET https://firebase.googleapis.com/v1beta1/projects pageSize=100
[debug] [2025-02-08T11:22:51.622Z] <<< [apiv2][status] GET https://firebase.googleapis.com/v1beta1/projects 200
[debug] [2025-02-08T11:22:51.623Z] <<< [apiv2][body] GET https://firebase.googleapis.com/v1beta1/projects [omitted]
[info] i  Using project safeheaven-a514a (safeheaven) 
[info] 
=== Dataconnect Setup
[debug] [2025-02-08T11:22:58.403Z] Checked if tokens are valid: true, expires at: 1739016579992
[debug] [2025-02-08T11:22:58.404Z] Checked if tokens are valid: true, expires at: 1739016579992
[debug] [2025-02-08T11:22:58.404Z] >>> [apiv2][query] GET https://cloudbilling.googleapis.com/v1/projects/safeheaven-a514a/billingInfo [none]
[debug] [2025-02-08T11:22:59.623Z] <<< [apiv2][status] GET https://cloudbilling.googleapis.com/v1/projects/safeheaven-a514a/billingInfo 200
[debug] [2025-02-08T11:22:59.623Z] <<< [apiv2][body] GET https://cloudbilling.googleapis.com/v1/projects/safeheaven-a514a/billingInfo {"name":"projects/safeheaven-a514a/billingInfo","projectId":"safeheaven-a514a","billingAccountName":"","billingEnabled":false}
[info] i  dataconnect: ensuring required API sqladmin.googleapis.com is enabled... 
[debug] [2025-02-08T11:22:59.626Z] Checked if tokens are valid: true, expires at: 1739016579992
[debug] [2025-02-08T11:22:59.627Z] Checked if tokens are valid: true, expires at: 1739016579992
[debug] [2025-02-08T11:22:59.628Z] >>> [apiv2][query] GET https://serviceusage.googleapis.com/v1/projects/safeheaven-a514a/services/sqladmin.googleapis.com [none]
[debug] [2025-02-08T11:22:59.628Z] >>> [apiv2][(partial)header] GET https://serviceusage.googleapis.com/v1/projects/safeheaven-a514a/services/sqladmin.googleapis.com x-goog-quota-user=projects/safeheaven-a514a
[debug] [2025-02-08T11:23:01.549Z] <<< [apiv2][status] GET https://serviceusage.googleapis.com/v1/projects/safeheaven-a514a/services/sqladmin.googleapis.com 200
[debug] [2025-02-08T11:23:01.549Z] <<< [apiv2][body] GET https://serviceusage.googleapis.com/v1/projects/safeheaven-a514a/services/sqladmin.googleapis.com [omitted]
[warn] ⚠  dataconnect: missing required API sqladmin.googleapis.com. Enabling now... 
[debug] [2025-02-08T11:23:01.551Z] Checked if tokens are valid: true, expires at: 1739016579992
[debug] [2025-02-08T11:23:01.551Z] Checked if tokens are valid: true, expires at: 1739016579992
[debug] [2025-02-08T11:23:01.551Z] >>> [apiv2][query] POST https://serviceusage.googleapis.com/v1/projects/safeheaven-a514a/services/sqladmin.googleapis.com:enable [none]
[debug] [2025-02-08T11:23:01.552Z] >>> [apiv2][(partial)header] POST https://serviceusage.googleapis.com/v1/projects/safeheaven-a514a/services/sqladmin.googleapis.com:enable x-goog-quota-user=projects/safeheaven-a514a
[debug] [2025-02-08T11:23:03.456Z] <<< [apiv2][status] POST https://serviceusage.googleapis.com/v1/projects/safeheaven-a514a/services/sqladmin.googleapis.com:enable 200
[debug] [2025-02-08T11:23:03.456Z] <<< [apiv2][body] POST https://serviceusage.googleapis.com/v1/projects/safeheaven-a514a/services/sqladmin.googleapis.com:enable [omitted]
[debug] [2025-02-08T11:23:13.467Z] Checked if tokens are valid: true, expires at: 1739016579992
[debug] [2025-02-08T11:23:13.467Z] Checked if tokens are valid: true, expires at: 1739016579992
[debug] [2025-02-08T11:23:13.467Z] >>> [apiv2][query] GET https://serviceusage.googleapis.com/v1/projects/safeheaven-a514a/services/sqladmin.googleapis.com [none]
[debug] [2025-02-08T11:23:13.467Z] >>> [apiv2][(partial)header] GET https://serviceusage.googleapis.com/v1/projects/safeheaven-a514a/services/sqladmin.googleapis.com x-goog-quota-user=projects/safeheaven-a514a
[debug] [2025-02-08T11:23:15.116Z] <<< [apiv2][status] GET https://serviceusage.googleapis.com/v1/projects/safeheaven-a514a/services/sqladmin.googleapis.com 200
[debug] [2025-02-08T11:23:15.125Z] <<< [apiv2][body] GET https://serviceusage.googleapis.com/v1/projects/safeheaven-a514a/services/sqladmin.googleapis.com [omitted]
[info] ✔  dataconnect: required API sqladmin.googleapis.com is enabled 
[info] ✔  Wrote dataconnect/dataconnect.yaml 
[info] ✔  Wrote dataconnect/schema/schema.gql 
[info] ✔  Wrote dataconnect/connector/connector.yaml 
[info] ✔  Wrote dataconnect/connector/queries.gql 
[info] ✔  Wrote dataconnect/connector/mutations.gql 
[info] ✔  Detected WEB app in directory /home/softwaredev/Documents/ashina/safeheaven/safeheaven 
[info] i  Wrote new config to /home/softwaredev/Documents/ashina/safeheaven/safeheaven/dataconnect/connector/connector.yaml 
[info] i  dataconnect: downloading dataconnect-emulator-1.7.7... {"metadata":{"emulator":{"name":"dataconnect"},"message":"downloading dataconnect-emulator-1.7.7..."}}
[debug] [2025-02-08T11:23:27.694Z] >>> [apiv2][query] GET https://storage.googleapis.com/firemat-preview-drop/emulator/dataconnect-emulator-linux-v1.7.7 
[debug] [2025-02-08T11:23:28.722Z] <<< [apiv2][status] GET https://storage.googleapis.com/firemat-preview-drop/emulator/dataconnect-emulator-linux-v1.7.7 200
[debug] [2025-02-08T11:23:28.722Z] <<< [apiv2][body] GET https://storage.googleapis.com/firemat-preview-drop/emulator/dataconnect-emulator-linux-v1.7.7 [stream]
[info] I0208 14:23:38.878896  438928 codegen.go:82] [connector "default" javascriptSdk] Generating sources into "/home/softwaredev/Documents/ashina/safeheaven/safeheaven/dataconnect-generated/js/default-connector"
I0208 14:23:38.883451  438928 generate.go:40] Generated all sources. Writing them to disk...
I0208 14:23:38.920614  438928 collector.go:107] connector "default" javascriptSdk wrote into "/home/softwaredev/Documents/ashina/safeheaven/safeheaven/dataconnect-generated/js/default-connector"
Generated sources: esm/package.json [17B] index.cjs.js [210B] package.json [634B] README.md [2740B] index.d.ts [261B] esm/index.esm.js [169B] 
I0208 14:23:38.999406  438928 installsdk.go:76] Running command: /usr/bin/npm install file:dataconnect-generated/js/default-connector

[info] i  Generated SDK code for default 
[info] ✔  If you'd like to add more generated SDKs to your app your later, run firebase init dataconnect:sdk again 
[info] i  If you'd like to provision a CloudSQL Postgres instance on the Firebase Data Connect no-cost trial:
1. Please upgrade to the pay-as-you-go (Blaze) billing plan. Visit the following page:
     https://console.firebase.google.com/project/safeheaven-a514a/usage/details
2. Run firebase init dataconnect again to configure the Cloud SQL instance.
3. Run firebase deploy --only dataconnect to deploy your Data Connect service. 
[info] 
=== Firestore Setup
[debug] [2025-02-08T11:24:12.594Z] Checked if tokens are valid: true, expires at: 1739016579992
[debug] [2025-02-08T11:24:12.632Z] Checked if tokens are valid: true, expires at: 1739016579992
[debug] [2025-02-08T11:24:12.650Z] >>> [apiv2][query] GET https://serviceusage.googleapis.com/v1/projects/safeheaven-a514a/services/firestore.googleapis.com [none]
[debug] [2025-02-08T11:24:12.651Z] >>> [apiv2][(partial)header] GET https://serviceusage.googleapis.com/v1/projects/safeheaven-a514a/services/firestore.googleapis.com x-goog-quota-user=projects/safeheaven-a514a
[debug] [2025-02-08T11:24:14.446Z] <<< [apiv2][status] GET https://serviceusage.googleapis.com/v1/projects/safeheaven-a514a/services/firestore.googleapis.com 200
[debug] [2025-02-08T11:24:14.446Z] <<< [apiv2][body] GET https://serviceusage.googleapis.com/v1/projects/safeheaven-a514a/services/firestore.googleapis.com [omitted]
[debug] [2025-02-08T11:24:14.447Z] Checked if tokens are valid: true, expires at: 1739016579992
[debug] [2025-02-08T11:24:14.447Z] Checked if tokens are valid: true, expires at: 1739016579992
[debug] [2025-02-08T11:24:14.447Z] >>> [apiv2][query] GET https://firestore.googleapis.com/v1/projects/safeheaven-a514a/databases/(default) [none]
[debug] [2025-02-08T11:24:17.704Z] <<< [apiv2][status] GET https://firestore.googleapis.com/v1/projects/safeheaven-a514a/databases/(default) 200
[debug] [2025-02-08T11:24:17.705Z] <<< [apiv2][body] GET https://firestore.googleapis.com/v1/projects/safeheaven-a514a/databases/(default) {"name":"projects/safeheaven-a514a/databases/(default)","uid":"1a4cda2e-6404-48c7-86ea-e3de807a9509","createTime":"2025-02-07T07:27:24.545623Z","updateTime":"2025-02-07T07:27:24.545623Z","locationId":"asia-south1","type":"FIRESTORE_NATIVE","concurrencyMode":"PESSIMISTIC","versionRetentionPeriod":"3600s","earliestVersionTime":"2025-02-08T10:24:17.463174Z","appEngineIntegrationMode":"DISABLED","keyPrefix":"j","pointInTimeRecoveryEnablement":"POINT_IN_TIME_RECOVERY_DISABLED","deleteProtectionState":"DELETE_PROTECTION_DISABLED","databaseEdition":"STANDARD","etag":"IImS77n7s4sDMOiwncHssYsD"}
[debug] [2025-02-08T11:24:17.705Z] database_type: FIRESTORE_NATIVE
[debug] [2025-02-08T11:24:17.705Z] database_type: FIRESTORE_NATIVE
[debug] [2025-02-08T11:24:17.706Z] > command requires scopes: ["email","openid","https://www.googleapis.com/auth/cloudplatformprojects.readonly","https://www.googleapis.com/auth/firebase","https://www.googleapis.com/auth/cloud-platform"]
[debug] [2025-02-08T11:24:17.706Z] > authorizing via signed-in user (pnobbs18@gmail.com)
[debug] [2025-02-08T11:24:17.707Z] [iam] checking project safeheaven-a514a for permissions ["firebase.projects.get"]
[debug] [2025-02-08T11:24:17.707Z] Checked if tokens are valid: true, expires at: 1739016579992
[debug] [2025-02-08T11:24:17.707Z] Checked if tokens are valid: true, expires at: 1739016579992
[debug] [2025-02-08T11:24:17.708Z] >>> [apiv2][query] POST https://cloudresourcemanager.googleapis.com/v1/projects/safeheaven-a514a:testIamPermissions [none]
[debug] [2025-02-08T11:24:17.708Z] >>> [apiv2][(partial)header] POST https://cloudresourcemanager.googleapis.com/v1/projects/safeheaven-a514a:testIamPermissions x-goog-quota-user=projects/safeheaven-a514a
[debug] [2025-02-08T11:24:17.708Z] >>> [apiv2][body] POST https://cloudresourcemanager.googleapis.com/v1/projects/safeheaven-a514a:testIamPermissions {"permissions":["firebase.projects.get"]}
[debug] [2025-02-08T11:24:19.679Z] <<< [apiv2][status] POST https://cloudresourcemanager.googleapis.com/v1/projects/safeheaven-a514a:testIamPermissions 200
[debug] [2025-02-08T11:24:19.679Z] <<< [apiv2][body] POST https://cloudresourcemanager.googleapis.com/v1/projects/safeheaven-a514a:testIamPermissions {"permissions":["firebase.projects.get"]}
[info] 
[info] Firestore Security Rules allow you to define how and when to allow
[info] requests. You can keep these rules in your project directory
[info] and publish them with firebase deploy.
[info] 
[debug] [2025-02-08T11:24:39.036Z] Checked if tokens are valid: true, expires at: 1739016579992
[debug] [2025-02-08T11:24:39.037Z] Checked if tokens are valid: true, expires at: 1739016579992
[debug] [2025-02-08T11:24:39.038Z] >>> [apiv2][query] GET https://firebaserules.googleapis.com/v1/projects/safeheaven-a514a/releases pageSize=10&pageToken=
[debug] [2025-02-08T11:24:40.733Z] <<< [apiv2][status] GET https://firebaserules.googleapis.com/v1/projects/safeheaven-a514a/releases 200
[debug] [2025-02-08T11:24:40.734Z] <<< [apiv2][body] GET https://firebaserules.googleapis.com/v1/projects/safeheaven-a514a/releases {"releases":[{"name":"projects/safeheaven-a514a/releases/cloud.firestore","rulesetName":"projects/safeheaven-a514a/rulesets/f90a3771-9e8d-4d41-b372-6ecdf7128a95","createTime":"2025-02-07T07:27:30.578168Z","updateTime":"2025-02-08T06:56:52.513447Z"}]}
[debug] [2025-02-08T11:24:40.734Z] Found ruleset: projects/safeheaven-a514a/rulesets/f90a3771-9e8d-4d41-b372-6ecdf7128a95
[debug] [2025-02-08T11:24:40.735Z] Checked if tokens are valid: true, expires at: 1739016579992
[debug] [2025-02-08T11:24:40.735Z] Checked if tokens are valid: true, expires at: 1739016579992
[debug] [2025-02-08T11:24:40.735Z] >>> [apiv2][query] GET https://firebaserules.googleapis.com/v1/projects/safeheaven-a514a/rulesets/f90a3771-9e8d-4d41-b372-6ecdf7128a95 [none]
[debug] [2025-02-08T11:24:41.255Z] <<< [apiv2][status] GET https://firebaserules.googleapis.com/v1/projects/safeheaven-a514a/rulesets/f90a3771-9e8d-4d41-b372-6ecdf7128a95 200
[debug] [2025-02-08T11:24:41.256Z] <<< [apiv2][body] GET https://firebaserules.googleapis.com/v1/projects/safeheaven-a514a/rulesets/f90a3771-9e8d-4d41-b372-6ecdf7128a95 [omitted]
[info] 
[info] Firestore indexes allow you to perform complex queries while
[info] maintaining performance that scales with the size of the result
[info] set. You can keep index definitions in your project directory
[info] and publish them with firebase deploy.
[info] 
[debug] [2025-02-08T11:24:46.513Z] Checked if tokens are valid: true, expires at: 1739016579992
[debug] [2025-02-08T11:24:46.514Z] Checked if tokens are valid: true, expires at: 1739016579992
[debug] [2025-02-08T11:24:46.515Z] Checked if tokens are valid: true, expires at: 1739016579992
[debug] [2025-02-08T11:24:46.515Z] Checked if tokens are valid: true, expires at: 1739016579992
[debug] [2025-02-08T11:24:46.528Z] >>> [apiv2][query] GET https://firestore.googleapis.com/v1/projects/safeheaven-a514a/databases/(default)/collectionGroups/-/indexes [none]
[debug] [2025-02-08T11:24:46.533Z] >>> [apiv2][query] GET https://firestore.googleapis.com/v1/projects/safeheaven-a514a/databases/(default)/collectionGroups/-/fields?filter=indexConfig.usesAncestorConfig=false OR ttlConfig:* [none]
[debug] [2025-02-08T11:24:49.680Z] <<< [apiv2][status] GET https://firestore.googleapis.com/v1/projects/safeheaven-a514a/databases/(default)/collectionGroups/-/indexes 200
[debug] [2025-02-08T11:24:49.680Z] <<< [apiv2][body] GET https://firestore.googleapis.com/v1/projects/safeheaven-a514a/databases/(default)/collectionGroups/-/indexes {}
[debug] [2025-02-08T11:24:49.796Z] <<< [apiv2][status] GET https://firestore.googleapis.com/v1/projects/safeheaven-a514a/databases/(default)/collectionGroups/-/fields?filter=indexConfig.usesAncestorConfig=false OR ttlConfig:* 200
[debug] [2025-02-08T11:24:49.796Z] <<< [apiv2][body] GET https://firestore.googleapis.com/v1/projects/safeheaven-a514a/databases/(default)/collectionGroups/-/fields?filter=indexConfig.usesAncestorConfig=false OR ttlConfig:* {"fields":[{"name":"projects/safeheaven-a514a/databases/(default)/collectionGroups/__default__/fields/*","indexConfig":{"indexes":[{"queryScope":"COLLECTION","fields":[{"fieldPath":"*","order":"ASCENDING"}],"state":"READY"},{"queryScope":"COLLECTION","fields":[{"fieldPath":"*","order":"DESCENDING"}],"state":"READY"},{"queryScope":"COLLECTION","fields":[{"fieldPath":"*","arrayConfig":"CONTAINS"}],"state":"READY"}]}}]}
[info] 
=== Functions Setup
[debug] [2025-02-08T11:24:49.821Z] > command requires scopes: ["email","openid","https://www.googleapis.com/auth/cloudplatformprojects.readonly","https://www.googleapis.com/auth/firebase","https://www.googleapis.com/auth/cloud-platform"]
[debug] [2025-02-08T11:24:49.885Z] > authorizing via signed-in user (pnobbs18@gmail.com)
[debug] [2025-02-08T11:24:49.885Z] [iam] checking project safeheaven-a514a for permissions ["firebase.projects.get"]
[debug] [2025-02-08T11:24:49.894Z] Checked if tokens are valid: true, expires at: 1739016579992
[debug] [2025-02-08T11:24:49.894Z] Checked if tokens are valid: true, expires at: 1739016579992
[debug] [2025-02-08T11:24:49.895Z] >>> [apiv2][query] POST https://cloudresourcemanager.googleapis.com/v1/projects/safeheaven-a514a:testIamPermissions [none]
[debug] [2025-02-08T11:24:49.895Z] >>> [apiv2][(partial)header] POST https://cloudresourcemanager.googleapis.com/v1/projects/safeheaven-a514a:testIamPermissions x-goog-quota-user=projects/safeheaven-a514a
[debug] [2025-02-08T11:24:49.895Z] >>> [apiv2][body] POST https://cloudresourcemanager.googleapis.com/v1/projects/safeheaven-a514a:testIamPermissions {"permissions":["firebase.projects.get"]}
[debug] [2025-02-08T11:24:51.415Z] <<< [apiv2][status] POST https://cloudresourcemanager.googleapis.com/v1/projects/safeheaven-a514a:testIamPermissions 200
[debug] [2025-02-08T11:24:51.545Z] <<< [apiv2][body] POST https://cloudresourcemanager.googleapis.com/v1/projects/safeheaven-a514a:testIamPermissions {"permissions":["firebase.projects.get"]}
[debug] [2025-02-08T11:24:51.546Z] Checked if tokens are valid: true, expires at: 1739016579992
[debug] [2025-02-08T11:24:51.546Z] Checked if tokens are valid: true, expires at: 1739016579992
[debug] [2025-02-08T11:24:51.547Z] Checked if tokens are valid: true, expires at: 1739016579992
[debug] [2025-02-08T11:24:51.547Z] Checked if tokens are valid: true, expires at: 1739016579992
[debug] [2025-02-08T11:24:51.547Z] >>> [apiv2][query] GET https://serviceusage.googleapis.com/v1/projects/safeheaven-a514a/services/cloudfunctions.googleapis.com [none]
[debug] [2025-02-08T11:24:51.548Z] >>> [apiv2][(partial)header] GET https://serviceusage.googleapis.com/v1/projects/safeheaven-a514a/services/cloudfunctions.googleapis.com x-goog-quota-user=projects/safeheaven-a514a
[debug] [2025-02-08T11:24:51.599Z] >>> [apiv2][query] GET https://serviceusage.googleapis.com/v1/projects/safeheaven-a514a/services/runtimeconfig.googleapis.com [none]
[debug] [2025-02-08T11:24:51.599Z] >>> [apiv2][(partial)header] GET https://serviceusage.googleapis.com/v1/projects/safeheaven-a514a/services/runtimeconfig.googleapis.com x-goog-quota-user=projects/safeheaven-a514a
[debug] [2025-02-08T11:24:53.252Z] <<< [apiv2][status] GET https://serviceusage.googleapis.com/v1/projects/safeheaven-a514a/services/cloudfunctions.googleapis.com 200
[debug] [2025-02-08T11:24:53.252Z] <<< [apiv2][body] GET https://serviceusage.googleapis.com/v1/projects/safeheaven-a514a/services/cloudfunctions.googleapis.com [omitted]
[debug] [2025-02-08T11:24:53.253Z] Checked if tokens are valid: true, expires at: 1739016579992
[debug] [2025-02-08T11:24:53.253Z] Checked if tokens are valid: true, expires at: 1739016579992
[debug] [2025-02-08T11:24:53.253Z] >>> [apiv2][query] POST https://serviceusage.googleapis.com/v1/projects/safeheaven-a514a/services/cloudfunctions.googleapis.com:enable [none]
[debug] [2025-02-08T11:24:53.253Z] >>> [apiv2][(partial)header] POST https://serviceusage.googleapis.com/v1/projects/safeheaven-a514a/services/cloudfunctions.googleapis.com:enable x-goog-quota-user=projects/safeheaven-a514a
[debug] [2025-02-08T11:24:53.430Z] <<< [apiv2][status] GET https://serviceusage.googleapis.com/v1/projects/safeheaven-a514a/services/runtimeconfig.googleapis.com 200
[debug] [2025-02-08T11:24:53.430Z] <<< [apiv2][body] GET https://serviceusage.googleapis.com/v1/projects/safeheaven-a514a/services/runtimeconfig.googleapis.com [omitted]
[debug] [2025-02-08T11:24:55.374Z] <<< [apiv2][status] POST https://serviceusage.googleapis.com/v1/projects/safeheaven-a514a/services/cloudfunctions.googleapis.com:enable 200
[debug] [2025-02-08T11:24:55.374Z] <<< [apiv2][body] POST https://serviceusage.googleapis.com/v1/projects/safeheaven-a514a/services/cloudfunctions.googleapis.com:enable [omitted]
[debug] [2025-02-08T11:25:05.492Z] Checked if tokens are valid: true, expires at: 1739016579992
[debug] [2025-02-08T11:25:05.492Z] Checked if tokens are valid: true, expires at: 1739016579992
[debug] [2025-02-08T11:25:05.492Z] >>> [apiv2][query] GET https://serviceusage.googleapis.com/v1/projects/safeheaven-a514a/services/cloudfunctions.googleapis.com [none]
[debug] [2025-02-08T11:25:05.493Z] >>> [apiv2][(partial)header] GET https://serviceusage.googleapis.com/v1/projects/safeheaven-a514a/services/cloudfunctions.googleapis.com x-goog-quota-user=projects/safeheaven-a514a
[debug] [2025-02-08T11:25:07.260Z] <<< [apiv2][status] GET https://serviceusage.googleapis.com/v1/projects/safeheaven-a514a/services/cloudfunctions.googleapis.com 200
[debug] [2025-02-08T11:25:07.261Z] <<< [apiv2][body] GET https://serviceusage.googleapis.com/v1/projects/safeheaven-a514a/services/cloudfunctions.googleapis.com [omitted]
[info] Let's create a new codebase for your functions.
[info] A directory corresponding to the codebase will be created in your project
[info] with sample code pre-configured.

[info] See https://firebase.google.com/docs/functions/organize-functions for
[info] more information on organizing your functions using codebases.

[info] Functions can be deployed with firebase deploy.

[debug] [2025-02-08T11:26:03.987Z] Error: setRawMode EIO
    at ReadStream.setRawMode (node:tty:77:31)
    at [_setRawMode] [as _setRawMode] (node:internal/readline/interface:381:18)
    at Interface.close (node:internal/readline/interface:531:24)
    at ReadStream.ontermend (node:internal/readline/interface:267:10)
    at ReadStream.emit (node:events:529:35)
    at ReadStream.emit (node:domain:489:12)
    at endReadableNT (node:internal/streams/readable:1400:12)
    at process.processTicksAndRejections (node:internal/process/task_queues:82:21)
